{"level":"info","message":"Listening on port 3900...","timestamp":"2018-07-25T19:02:18.260Z"}
{"level":"info","message":"Connected to mongodb://localhost/vidly...","timestamp":"2018-07-25T19:02:18.281Z"}
{"level":"info","message":"Listening on port 3900...","timestamp":"2018-07-25T19:09:55.035Z"}
{"level":"info","message":"Connected to mongodb://localhost/vidly...","timestamp":"2018-07-25T19:09:55.055Z"}
{"message":"Cannot read property 'isAdmin' of undefined","stack":"TypeError: Cannot read property 'isAdmin' of undefined\n    at module.exports (/Users/moshfeghhamedani/Dropbox/Courses/React/Demo/vidly-api-node/middleware/admin.js:8:17)\n    at /Users/moshfeghhamedani/Dropbox/Courses/React/Demo/vidly-api-node/node_modules/express-async-errors/index.js:17:17\n    at Layer.handle [as handle_request] (/Users/moshfeghhamedani/Dropbox/Courses/React/Demo/vidly-api-node/node_modules/express/lib/router/layer.js:95:5)\n    at next (/Users/moshfeghhamedani/Dropbox/Courses/React/Demo/vidly-api-node/node_modules/express/lib/router/route.js:137:13)\n    at module.exports (/Users/moshfeghhamedani/Dropbox/Courses/React/Demo/vidly-api-node/middleware/auth.js:5:36)\n    at /Users/moshfeghhamedani/Dropbox/Courses/React/Demo/vidly-api-node/node_modules/express-async-errors/index.js:17:17\n    at Layer.handle [as handle_request] (/Users/moshfeghhamedani/Dropbox/Courses/React/Demo/vidly-api-node/node_modules/express/lib/router/layer.js:95:5)\n    at next (/Users/moshfeghhamedani/Dropbox/Courses/React/Demo/vidly-api-node/node_modules/express/lib/router/route.js:137:13)\n    at Route.dispatch (/Users/moshfeghhamedani/Dropbox/Courses/React/Demo/vidly-api-node/node_modules/express/lib/router/route.js:112:3)\n    at /Users/moshfeghhamedani/Dropbox/Courses/React/Demo/vidly-api-node/node_modules/express-async-errors/index.js:17:17\n    at Layer.handle [as handle_request] (/Users/moshfeghhamedani/Dropbox/Courses/React/Demo/vidly-api-node/node_modules/express/lib/router/layer.js:95:5)\n    at /Users/moshfeghhamedani/Dropbox/Courses/React/Demo/vidly-api-node/node_modules/express/lib/router/index.js:281:22\n    at Function.process_params (/Users/moshfeghhamedani/Dropbox/Courses/React/Demo/vidly-api-node/node_modules/express/lib/router/index.js:335:12)\n    at next (/Users/moshfeghhamedani/Dropbox/Courses/React/Demo/vidly-api-node/node_modules/express/lib/router/index.js:275:10)\n    at Function.handle (/Users/moshfeghhamedani/Dropbox/Courses/React/Demo/vidly-api-node/node_modules/express/lib/router/index.js:174:3)\n    at router (/Users/moshfeghhamedani/Dropbox/Courses/React/Demo/vidly-api-node/node_modules/express/lib/router/index.js:47:12)","level":"error","timestamp":"2018-07-25T19:11:08.638Z"}
{"level":"info","message":"Listening on port 3900...","timestamp":"2018-07-25T19:11:36.087Z"}
{"level":"info","message":"Connected to mongodb://localhost/vidly...","timestamp":"2018-07-25T19:11:36.108Z"}
{"level":"info","message":"Listening on port 3900...","timestamp":"2018-07-25T19:11:40.247Z"}
{"level":"info","message":"Connected to mongodb://localhost/vidly...","timestamp":"2018-07-25T19:11:40.267Z"}
{"level":"info","message":"Listening on port 3900...","timestamp":"2018-07-25T19:11:52.261Z"}
{"level":"info","message":"Connected to mongodb://localhost/vidly...","timestamp":"2018-07-25T19:11:52.282Z"}
{"level":"info","message":"Listening on port 3900...","timestamp":"2018-07-25T19:16:03.043Z"}
{"level":"info","message":"Connected to mongodb://localhost/vidly...","timestamp":"2018-07-25T19:16:03.069Z"}
{"level":"info","message":"Listening on port 3900...","timestamp":"2018-07-25T19:16:06.519Z"}
{"level":"info","message":"Connected to mongodb://localhost/vidly...","timestamp":"2018-07-25T19:16:06.545Z"}
{"level":"info","message":"Listening on port 3900...","timestamp":"2018-07-25T19:21:13.994Z"}
{"level":"info","message":"Connected to mongodb://localhost/vidly...","timestamp":"2018-07-25T19:21:14.014Z"}
{"message":"Cast to ObjectId failed for value \"5b58c8fca5ebf3212ead2f2x\" at path \"_id\" for model \"Movies\"","stack":"CastError: Cast to ObjectId failed for value \"5b58c8fca5ebf3212ead2f2x\" at path \"_id\" for model \"Movies\"\n    at new CastError (/Users/moshfeghhamedani/Dropbox/Courses/React/Demo/vidly-api-node/node_modules/mongoose/lib/error/cast.js:27:11)\n    at ObjectId.cast (/Users/moshfeghhamedani/Dropbox/Courses/React/Demo/vidly-api-node/node_modules/mongoose/lib/schema/objectid.js:158:13)\n    at ObjectId.SchemaType.applySetters (/Users/moshfeghhamedani/Dropbox/Courses/React/Demo/vidly-api-node/node_modules/mongoose/lib/schematype.js:701:12)\n    at ObjectId.SchemaType._castForQuery (/Users/moshfeghhamedani/Dropbox/Courses/React/Demo/vidly-api-node/node_modules/mongoose/lib/schematype.js:1072:15)\n    at ObjectId.castForQuery (/Users/moshfeghhamedani/Dropbox/Courses/React/Demo/vidly-api-node/node_modules/mongoose/lib/schema/objectid.js:198:15)\n    at ObjectId.SchemaType.castForQueryWrapper (/Users/moshfeghhamedani/Dropbox/Courses/React/Demo/vidly-api-node/node_modules/mongoose/lib/schematype.js:1041:15)\n    at cast (/Users/moshfeghhamedani/Dropbox/Courses/React/Demo/vidly-api-node/node_modules/mongoose/lib/cast.js:269:32)\n    at model.Query.Query.cast (/Users/moshfeghhamedani/Dropbox/Courses/React/Demo/vidly-api-node/node_modules/mongoose/lib/query.js:3133:12)\n    at model.Query.Query._castConditions (/Users/moshfeghhamedani/Dropbox/Courses/React/Demo/vidly-api-node/node_modules/mongoose/lib/query.js:1269:10)\n    at model.Query.Query._findOne (/Users/moshfeghhamedani/Dropbox/Courses/React/Demo/vidly-api-node/node_modules/mongoose/lib/query.js:1485:8)\n    at /Users/moshfeghhamedani/Dropbox/Courses/React/Demo/vidly-api-node/node_modules/kareem/index.js:276:8\n    at /Users/moshfeghhamedani/Dropbox/Courses/React/Demo/vidly-api-node/node_modules/kareem/index.js:23:7\n    at _combinedTickCallback (internal/process/next_tick.js:131:7)\n    at process._tickCallback (internal/process/next_tick.js:180:9)","name":"CastError","stringValue":"\"5b58c8fca5ebf3212ead2f2x\"","kind":"ObjectId","value":"5b58c8fca5ebf3212ead2f2x","path":"_id","level":"error","timestamp":"2018-07-26T17:59:40.162Z"}
{"message":"Cast to ObjectId failed for value \"5b58c8fca5ebf3212ead2f2x\" at path \"_id\" for model \"Movies\"","stack":"CastError: Cast to ObjectId failed for value \"5b58c8fca5ebf3212ead2f2x\" at path \"_id\" for model \"Movies\"\n    at new CastError (/Users/moshfeghhamedani/Dropbox/Courses/React/Demo/vidly-api-node/node_modules/mongoose/lib/error/cast.js:27:11)\n    at ObjectId.cast (/Users/moshfeghhamedani/Dropbox/Courses/React/Demo/vidly-api-node/node_modules/mongoose/lib/schema/objectid.js:158:13)\n    at ObjectId.SchemaType.applySetters (/Users/moshfeghhamedani/Dropbox/Courses/React/Demo/vidly-api-node/node_modules/mongoose/lib/schematype.js:701:12)\n    at ObjectId.SchemaType._castForQuery (/Users/moshfeghhamedani/Dropbox/Courses/React/Demo/vidly-api-node/node_modules/mongoose/lib/schematype.js:1072:15)\n    at ObjectId.castForQuery (/Users/moshfeghhamedani/Dropbox/Courses/React/Demo/vidly-api-node/node_modules/mongoose/lib/schema/objectid.js:198:15)\n    at ObjectId.SchemaType.castForQueryWrapper (/Users/moshfeghhamedani/Dropbox/Courses/React/Demo/vidly-api-node/node_modules/mongoose/lib/schematype.js:1041:15)\n    at cast (/Users/moshfeghhamedani/Dropbox/Courses/React/Demo/vidly-api-node/node_modules/mongoose/lib/cast.js:269:32)\n    at model.Query.Query.cast (/Users/moshfeghhamedani/Dropbox/Courses/React/Demo/vidly-api-node/node_modules/mongoose/lib/query.js:3133:12)\n    at model.Query.Query._castConditions (/Users/moshfeghhamedani/Dropbox/Courses/React/Demo/vidly-api-node/node_modules/mongoose/lib/query.js:1269:10)\n    at model.Query.Query._findOne (/Users/moshfeghhamedani/Dropbox/Courses/React/Demo/vidly-api-node/node_modules/mongoose/lib/query.js:1485:8)\n    at /Users/moshfeghhamedani/Dropbox/Courses/React/Demo/vidly-api-node/node_modules/kareem/index.js:276:8\n    at /Users/moshfeghhamedani/Dropbox/Courses/React/Demo/vidly-api-node/node_modules/kareem/index.js:23:7\n    at _combinedTickCallback (internal/process/next_tick.js:131:7)\n    at process._tickCallback (internal/process/next_tick.js:180:9)","name":"CastError","stringValue":"\"5b58c8fca5ebf3212ead2f2x\"","kind":"ObjectId","value":"5b58c8fca5ebf3212ead2f2x","path":"_id","level":"error","timestamp":"2018-07-26T18:01:43.512Z"}
{"message":"Cast to ObjectId failed for value \"5b58c8fca5ebf3212ead2f2x\" at path \"_id\" for model \"Movies\"","stack":"CastError: Cast to ObjectId failed for value \"5b58c8fca5ebf3212ead2f2x\" at path \"_id\" for model \"Movies\"\n    at new CastError (/Users/moshfeghhamedani/Dropbox/Courses/React/Demo/vidly-api-node/node_modules/mongoose/lib/error/cast.js:27:11)\n    at ObjectId.cast (/Users/moshfeghhamedani/Dropbox/Courses/React/Demo/vidly-api-node/node_modules/mongoose/lib/schema/objectid.js:158:13)\n    at ObjectId.SchemaType.applySetters (/Users/moshfeghhamedani/Dropbox/Courses/React/Demo/vidly-api-node/node_modules/mongoose/lib/schematype.js:701:12)\n    at ObjectId.SchemaType._castForQuery (/Users/moshfeghhamedani/Dropbox/Courses/React/Demo/vidly-api-node/node_modules/mongoose/lib/schematype.js:1072:15)\n    at ObjectId.castForQuery (/Users/moshfeghhamedani/Dropbox/Courses/React/Demo/vidly-api-node/node_modules/mongoose/lib/schema/objectid.js:198:15)\n    at ObjectId.SchemaType.castForQueryWrapper (/Users/moshfeghhamedani/Dropbox/Courses/React/Demo/vidly-api-node/node_modules/mongoose/lib/schematype.js:1041:15)\n    at cast (/Users/moshfeghhamedani/Dropbox/Courses/React/Demo/vidly-api-node/node_modules/mongoose/lib/cast.js:269:32)\n    at model.Query.Query.cast (/Users/moshfeghhamedani/Dropbox/Courses/React/Demo/vidly-api-node/node_modules/mongoose/lib/query.js:3133:12)\n    at model.Query.Query._castConditions (/Users/moshfeghhamedani/Dropbox/Courses/React/Demo/vidly-api-node/node_modules/mongoose/lib/query.js:1269:10)\n    at model.Query.Query._findOne (/Users/moshfeghhamedani/Dropbox/Courses/React/Demo/vidly-api-node/node_modules/mongoose/lib/query.js:1485:8)\n    at /Users/moshfeghhamedani/Dropbox/Courses/React/Demo/vidly-api-node/node_modules/kareem/index.js:276:8\n    at /Users/moshfeghhamedani/Dropbox/Courses/React/Demo/vidly-api-node/node_modules/kareem/index.js:23:7\n    at _combinedTickCallback (internal/process/next_tick.js:131:7)\n    at process._tickCallback (internal/process/next_tick.js:180:9)","name":"CastError","stringValue":"\"5b58c8fca5ebf3212ead2f2x\"","kind":"ObjectId","value":"5b58c8fca5ebf3212ead2f2x","path":"_id","level":"error","timestamp":"2018-07-26T18:01:58.144Z"}
{"message":"Cast to ObjectId failed for value \"5b58c8fca5ebf3212ead2f2x\" at path \"_id\" for model \"Movies\"","stack":"CastError: Cast to ObjectId failed for value \"5b58c8fca5ebf3212ead2f2x\" at path \"_id\" for model \"Movies\"\n    at new CastError (/Users/moshfeghhamedani/Dropbox/Courses/React/Demo/vidly-api-node/node_modules/mongoose/lib/error/cast.js:27:11)\n    at ObjectId.cast (/Users/moshfeghhamedani/Dropbox/Courses/React/Demo/vidly-api-node/node_modules/mongoose/lib/schema/objectid.js:158:13)\n    at ObjectId.SchemaType.applySetters (/Users/moshfeghhamedani/Dropbox/Courses/React/Demo/vidly-api-node/node_modules/mongoose/lib/schematype.js:701:12)\n    at ObjectId.SchemaType._castForQuery (/Users/moshfeghhamedani/Dropbox/Courses/React/Demo/vidly-api-node/node_modules/mongoose/lib/schematype.js:1072:15)\n    at ObjectId.castForQuery (/Users/moshfeghhamedani/Dropbox/Courses/React/Demo/vidly-api-node/node_modules/mongoose/lib/schema/objectid.js:198:15)\n    at ObjectId.SchemaType.castForQueryWrapper (/Users/moshfeghhamedani/Dropbox/Courses/React/Demo/vidly-api-node/node_modules/mongoose/lib/schematype.js:1041:15)\n    at cast (/Users/moshfeghhamedani/Dropbox/Courses/React/Demo/vidly-api-node/node_modules/mongoose/lib/cast.js:269:32)\n    at model.Query.Query.cast (/Users/moshfeghhamedani/Dropbox/Courses/React/Demo/vidly-api-node/node_modules/mongoose/lib/query.js:3133:12)\n    at model.Query.Query._castConditions (/Users/moshfeghhamedani/Dropbox/Courses/React/Demo/vidly-api-node/node_modules/mongoose/lib/query.js:1269:10)\n    at model.Query.Query._findOne (/Users/moshfeghhamedani/Dropbox/Courses/React/Demo/vidly-api-node/node_modules/mongoose/lib/query.js:1485:8)\n    at /Users/moshfeghhamedani/Dropbox/Courses/React/Demo/vidly-api-node/node_modules/kareem/index.js:276:8\n    at /Users/moshfeghhamedani/Dropbox/Courses/React/Demo/vidly-api-node/node_modules/kareem/index.js:23:7\n    at _combinedTickCallback (internal/process/next_tick.js:131:7)\n    at process._tickCallback (internal/process/next_tick.js:180:9)","name":"CastError","stringValue":"\"5b58c8fca5ebf3212ead2f2x\"","kind":"ObjectId","value":"5b58c8fca5ebf3212ead2f2x","path":"_id","level":"error","timestamp":"2018-07-26T18:02:20.602Z"}
{"message":"Cast to ObjectId failed for value \"5b58c8fca5ebf3212ead2f2x\" at path \"_id\" for model \"Movies\"","stack":"CastError: Cast to ObjectId failed for value \"5b58c8fca5ebf3212ead2f2x\" at path \"_id\" for model \"Movies\"\n    at new CastError (/Users/moshfeghhamedani/Dropbox/Courses/React/Demo/vidly-api-node/node_modules/mongoose/lib/error/cast.js:27:11)\n    at ObjectId.cast (/Users/moshfeghhamedani/Dropbox/Courses/React/Demo/vidly-api-node/node_modules/mongoose/lib/schema/objectid.js:158:13)\n    at ObjectId.SchemaType.applySetters (/Users/moshfeghhamedani/Dropbox/Courses/React/Demo/vidly-api-node/node_modules/mongoose/lib/schematype.js:701:12)\n    at ObjectId.SchemaType._castForQuery (/Users/moshfeghhamedani/Dropbox/Courses/React/Demo/vidly-api-node/node_modules/mongoose/lib/schematype.js:1072:15)\n    at ObjectId.castForQuery (/Users/moshfeghhamedani/Dropbox/Courses/React/Demo/vidly-api-node/node_modules/mongoose/lib/schema/objectid.js:198:15)\n    at ObjectId.SchemaType.castForQueryWrapper (/Users/moshfeghhamedani/Dropbox/Courses/React/Demo/vidly-api-node/node_modules/mongoose/lib/schematype.js:1041:15)\n    at cast (/Users/moshfeghhamedani/Dropbox/Courses/React/Demo/vidly-api-node/node_modules/mongoose/lib/cast.js:269:32)\n    at model.Query.Query.cast (/Users/moshfeghhamedani/Dropbox/Courses/React/Demo/vidly-api-node/node_modules/mongoose/lib/query.js:3133:12)\n    at model.Query.Query._castConditions (/Users/moshfeghhamedani/Dropbox/Courses/React/Demo/vidly-api-node/node_modules/mongoose/lib/query.js:1269:10)\n    at model.Query.Query._findOne (/Users/moshfeghhamedani/Dropbox/Courses/React/Demo/vidly-api-node/node_modules/mongoose/lib/query.js:1485:8)\n    at /Users/moshfeghhamedani/Dropbox/Courses/React/Demo/vidly-api-node/node_modules/kareem/index.js:276:8\n    at /Users/moshfeghhamedani/Dropbox/Courses/React/Demo/vidly-api-node/node_modules/kareem/index.js:23:7\n    at _combinedTickCallback (internal/process/next_tick.js:131:7)\n    at process._tickCallback (internal/process/next_tick.js:180:9)","name":"CastError","stringValue":"\"5b58c8fca5ebf3212ead2f2x\"","kind":"ObjectId","value":"5b58c8fca5ebf3212ead2f2x","path":"_id","level":"error","timestamp":"2018-07-26T18:03:23.147Z"}
{"level":"info","message":"Listening on port 3900...","timestamp":"2018-07-26T18:07:38.002Z"}
{"level":"info","message":"Connected to mongodb://localhost/vidly...","timestamp":"2018-07-26T18:07:38.017Z"}
{"level":"info","message":"Listening on port 3900...","timestamp":"2018-08-01T17:05:48.069Z"}
{"level":"info","message":"Listening on port 3900...","timestamp":"2018-08-01T17:05:58.074Z"}
{"level":"info","message":"Connected to mongodb://localhost/vidly...","timestamp":"2018-08-01T17:05:58.095Z"}
{"level":"info","message":"Listening on port 3900...","timestamp":"2018-08-01T19:27:24.787Z"}
{"level":"info","message":"Connected to mongodb://localhost/vidly...","timestamp":"2018-08-01T19:27:24.807Z"}
{"message":"Unexpected token \n in JSON at position 55","stack":"SyntaxError: Unexpected token \n in JSON at position 55\n    at JSON.parse (<anonymous>)\n    at parse (/Users/moshfeghhamedani/Dropbox/Courses/React/Demo/vidly-api-node/node_modules/body-parser/lib/types/json.js:89:19)\n    at /Users/moshfeghhamedani/Dropbox/Courses/React/Demo/vidly-api-node/node_modules/body-parser/lib/read.js:121:18\n    at invokeCallback (/Users/moshfeghhamedani/Dropbox/Courses/React/Demo/vidly-api-node/node_modules/raw-body/index.js:224:16)\n    at done (/Users/moshfeghhamedani/Dropbox/Courses/React/Demo/vidly-api-node/node_modules/raw-body/index.js:213:7)\n    at IncomingMessage.onEnd (/Users/moshfeghhamedani/Dropbox/Courses/React/Demo/vidly-api-node/node_modules/raw-body/index.js:273:7)\n    at emitNone (events.js:106:13)\n    at IncomingMessage.emit (events.js:208:7)\n    at endReadableNT (_stream_readable.js:1056:12)\n    at _combinedTickCallback (internal/process/next_tick.js:138:11)\n    at process._tickCallback (internal/process/next_tick.js:180:9)","expose":true,"statusCode":400,"status":400,"body":"{\n\t\"email\": \"user10@domain.com\",\n\t\"password\": \"123456, \n\t\"name\": \"Mosh\"\n}","type":"entity.parse.failed","level":"error","timestamp":"2018-08-01T19:28:03.863Z"}
{"level":"info","message":"Listening on port 3900...","timestamp":"2018-08-01T19:32:10.154Z"}
{"level":"info","message":"Connected to mongodb://localhost/vidly...","timestamp":"2018-08-01T19:32:10.174Z"}
{"level":"info","message":"Listening on port 3900...","timestamp":"2018-08-01T19:32:41.208Z"}
{"level":"info","message":"Connected to mongodb://localhost/vidly...","timestamp":"2018-08-01T19:32:41.227Z"}
{"level":"info","message":"Listening on port 3900...","timestamp":"2018-08-01T19:48:20.908Z"}
{"level":"info","message":"Connected to mongodb://localhost/vidly...","timestamp":"2018-08-01T19:48:20.929Z"}
{"level":"info","message":"Listening on port 3900...","timestamp":"2018-08-02T17:16:40.672Z"}
{"level":"info","message":"Connected to mongodb://localhost/vidly...","timestamp":"2018-08-02T17:16:40.691Z"}
{"level":"info","message":"Listening on port 3900...","timestamp":"2018-08-02T17:27:08.179Z"}
{"level":"info","message":"Connected to mongodb://localhost/vidly...","timestamp":"2018-08-02T17:27:08.199Z"}
{"level":"info","message":"Listening on port 3900...","timestamp":"2018-08-02T17:29:37.614Z"}
{"level":"info","message":"Connected to mongodb://localhost/vidly...","timestamp":"2018-08-02T17:29:37.639Z"}
{"level":"info","message":"Listening on port 3900...","timestamp":"2018-08-02T17:44:13.347Z"}
{"level":"info","message":"Connected to mongodb://localhost/vidly...","timestamp":"2018-08-02T17:44:13.367Z"}
{"level":"info","message":"Listening on port 3900...","timestamp":"2018-08-08T16:40:58.626Z"}
{"level":"info","message":"Listening on port 3900...","timestamp":"2018-08-08T16:41:09.898Z"}
{"level":"info","message":"Connected to mongodb://localhost/vidly...","timestamp":"2018-08-08T16:41:09.919Z"}
{"level":"info","message":"Listening on port 3900...","timestamp":"2023-12-01T20:59:38.105Z"}
{"level":"info","message":"Listening on port 3900...","timestamp":"2023-12-02T01:01:19.563Z"}
{"level":"info","message":"Connected to mongodb://localhost/vidly...","timestamp":"2023-12-02T01:01:19.582Z"}
{"level":"info","message":"Listening on port 3900...","timestamp":"2023-12-02T15:56:40.995Z"}
{"level":"info","message":"Connected to mongodb+srv://devlabyrinth:venomous00728@cluster0.jvism2t.mongodb.net/?retryWrites=true&w=majority...","timestamp":"2023-12-02T15:56:42.614Z"}
{"level":"info","message":"Listening on port 3900...","timestamp":"2023-12-02T16:37:44.316Z"}
{"level":"info","message":"Connected to mongodb+srv://devlabyrinth:venomous00728@cluster0.jvism2t.mongodb.net/?retryWrites=true&w=majority...","timestamp":"2023-12-02T16:37:45.903Z"}
{"level":"info","message":"Listening on port 3900...","timestamp":"2023-12-02T16:39:30.422Z"}
{"level":"info","message":"Connected to mongodb+srv://devlabyrinth:venomous00728@cluster0.jvism2t.mongodb.net/?retryWrites=true&w=majority...","timestamp":"2023-12-02T16:39:31.964Z"}
{"level":"info","message":"Listening on port 3900...","timestamp":"2023-12-02T17:20:54.066Z"}
{"level":"info","message":"Connected to mongodb+srv://devlabyrinth:venomous00728@cluster0.jvism2t.mongodb.net/?retryWrites=true&w=majority...","timestamp":"2023-12-02T17:21:06.955Z"}
{"level":"info","message":"Listening on port 3900...","timestamp":"2023-12-02T17:52:27.200Z"}
{"level":"info","message":"Connected to mongodb+srv://devlabyrinth:venomous00728@cluster0.jvism2t.mongodb.net/?retryWrites=true&w=majority...","timestamp":"2023-12-02T17:52:27.938Z"}
{"level":"info","message":"Listening on port 3900...","timestamp":"2023-12-02T18:14:10.671Z"}
{"level":"info","message":"Connected to mongodb+srv://devlabyrinth:venomous00728@cluster0.jvism2t.mongodb.net/?retryWrites=true&w=majority...","timestamp":"2023-12-02T18:14:11.518Z"}
{"level":"info","message":"Listening on port 3900...","timestamp":"2023-12-02T18:17:17.984Z"}
{"level":"info","message":"Connected to mongodb+srv://vidly:venomous00728@cluster0.jvism2t.mongodb.net/?retryWrites=true&w=majority...","timestamp":"2023-12-02T18:17:19.046Z"}
{"level":"info","message":"Listening on port 3900...","timestamp":"2023-12-02T18:40:04.248Z"}
{"level":"info","message":"Connected to mongodb://localhost/vidly...","timestamp":"2023-12-02T18:40:04.285Z"}
{"level":"info","message":"Listening on port 3900...","timestamp":"2023-12-02T18:45:45.531Z"}
{"level":"info","message":"Connected to mongodb+srv://vidly:venomous00728@cluster0.jvism2t.mongodb.net/?retryWrites=true&w=majority...","timestamp":"2023-12-02T18:45:46.270Z"}
{"level":"info","message":"Listening on port 3900...","timestamp":"2023-12-02T19:35:46.835Z"}
{"level":"info","message":"Connected to mongodb+srv://admin:venomous00728@cluster0.jvism2t.mongodb.net/?retryWrites=true&w=majority...","timestamp":"2023-12-02T19:35:47.352Z"}
{"level":"info","message":"Listening on port 3900...","timestamp":"2023-12-02T19:36:06.926Z"}
{"level":"info","message":"Connected to mongodb+srv://vidlsy:venomous00728@cluster0.jvism2t.mongodb.net/?retryWrites=true&w=majority...","timestamp":"2023-12-02T19:36:07.283Z"}
{"level":"info","message":"Listening on port 3900...","timestamp":"2023-12-02T19:36:24.689Z"}
{"level":"info","message":"Connected to mongodb+srv://vidly:venomous00728@cluster0.jvism2t.mongodb.net/?retryWrites=true&w=majority...","timestamp":"2023-12-02T19:36:25.048Z"}
{"level":"info","message":"Listening on port 3900...","timestamp":"2023-12-02T19:48:05.479Z"}
{"level":"info","message":"Connected to mongodb+srv://vidly:venomous00728@cluster0.jvism2t.mongodb.net/?retryWrites=true&w=majority...","timestamp":"2023-12-02T19:48:06.197Z"}
{"level":"info","message":"Listening on port 3900...","timestamp":"2023-12-02T20:03:34.466Z"}
{"level":"info","message":"Connected to mongodb+srv://vidly:venomous00728@cluster0.jvism2t.mongodb.net/devlabyrinth?retryWrites=true&w=majority...","timestamp":"2023-12-02T20:03:35.037Z"}
{"level":"info","message":"Listening on port 3900...","timestamp":"2023-12-02T20:08:58.016Z"}
{"level":"info","message":"Connected to mongodb+srv://vidly:venomous00728@cluster0.jvism2t.mongodb.net/?retryWrites=true&w=majority...","timestamp":"2023-12-02T20:08:58.530Z"}
{"level":"info","message":"Listening on port 3900...","timestamp":"2023-12-02T20:11:31.303Z"}
{"level":"info","message":"Connected to mongodb+srv://vidly:venomous00728@cluster0.jvism2t.mongodb.net/?retryWrites=true&w=majority...","timestamp":"2023-12-02T20:11:31.870Z"}
{"level":"info","message":"Listening on port 3900...","timestamp":"2023-12-02T20:14:05.205Z"}
{"level":"info","message":"Connected to mongodb+srv://vidly:venomous00728@cluster0.jvism2t.mongodb.net/?retryWrites=true&w=majority...","timestamp":"2023-12-02T20:14:05.717Z"}
{"level":"info","message":"Listening on port 3900...","timestamp":"2023-12-02T20:19:06.555Z"}
{"level":"info","message":"Connected to mongodb+srv://vidly:venomous00728@cluster0.jvism2t.mongodb.net/?retryWrites=true&w=majority...","timestamp":"2023-12-02T20:19:07.186Z"}
{"level":"info","message":"Listening on port 3900...","timestamp":"2023-12-03T11:24:15.882Z"}
{"level":"info","message":"Connected to mongodb+srv://vidly:nj3gfKrIkUdyed7H@cluster0.jvism2t.mongodb.net/Cluster0?retryWrites=true&w=majority...","timestamp":"2023-12-03T11:24:16.560Z"}
{"level":"info","message":"Listening on port 3900...","timestamp":"2023-12-03T11:25:04.973Z"}
{"level":"info","message":"Connected to mongodb+srv://vidly:nj3gfKrIkUdyed7H@cluster0.jvism2t.mongodb.net/Cluster0?retryWrites=true&w=majority...","timestamp":"2023-12-03T11:25:05.357Z"}
{"level":"info","message":"Listening on port 3900...","timestamp":"2023-12-03T11:28:39.667Z"}
{"level":"info","message":"Connected to mongodb+srv://vidly:nj3gfKrIkUdyed7H@cluster0.jvism2t.mongodb.net/Cluster0?retryWrites=true&w=majority...","timestamp":"2023-12-03T11:28:40.408Z"}
{"level":"info","message":"Listening on port 3900...","timestamp":"2023-12-03T11:29:00.696Z"}
{"level":"info","message":"Connected to mongodb+srv://vidly:nj3gfKrIkUdyed7H@cluster0.jvism2t.mongodb.net/cluster0?retryWrites=true&w=majority...","timestamp":"2023-12-03T11:29:01.047Z"}
{"level":"info","message":"Listening on port 3900...","timestamp":"2023-12-03T11:46:49.491Z"}
{"level":"info","message":"Connected to mongodb+srv://devlabyrinth:CWsFiB6EbkvmEwxF@movieziya.6xgmefh.mongodb.net/movieziya?retryWrites=true&w=majority...","timestamp":"2023-12-03T11:46:50.509Z"}
{"level":"info","message":"Listening on port 3900...","timestamp":"2023-12-03T11:54:26.571Z"}
{"level":"info","message":"Connected to mongodb+srv://devlabyrinth:CWsFiB6EbkvmEwxF@movieziya.6xgmefh.mongodb.net/movieziya?retryWrites=true&w=majority...","timestamp":"2023-12-03T11:54:27.263Z"}
{"level":"info","message":"Listening on port 3900...","timestamp":"2023-12-03T11:56:57.424Z"}
{"level":"info","message":"Connected to mongodb+srv://devlabyrinth:CWsFiB6EbkvmEwxF@movieziya.6xgmefh.mongodb.net/movieziya?retryWrites=true&w=majority...","timestamp":"2023-12-03T11:56:58.121Z"}
{"level":"info","message":"Listening on port 3900...","timestamp":"2023-12-03T11:59:40.259Z"}
{"level":"info","message":"Connected to mongodb+srv://devlabyrinth:CWsFiB6EbkvmEwxF@movieziya.6xgmefh.mongodb.net/movieziya?retryWrites=true&w=majority...","timestamp":"2023-12-03T11:59:40.956Z"}
{"level":"info","message":"Listening on port 3900...","timestamp":"2023-12-03T12:03:55.085Z"}
{"level":"info","message":"Listening on port 3900...","timestamp":"2023-12-03T12:04:25.372Z"}
{"level":"info","message":"Connected to mongodb://devlabyrinth:CWsFiB6EbkvmEwxF@ac-kpitjm1-shard-00-00.6xgmefh.mongodb.net:27017,ac-kpitjm1-shard-00-01.6xgmefh.mongodb.net:27017,ac-kpitjm1-shard-00-02.6xgmefh.mongodb.net:27017/?ssl=true&replicaSet=atlas-sn1ctq-shard-0&authSource=admin&retryWrites=true&w=majority...","timestamp":"2023-12-03T12:04:26.598Z"}
{"level":"info","message":"Listening on port 3900...","timestamp":"2023-12-03T12:05:09.352Z"}
{"level":"info","message":"Connected to mongodb://devlabyrinth:CWsFiB6EbkvmEwxF@ac-kpitjm1-shard-00-00.6xgmefh.mongodb.net:27017,ac-kpitjm1-shard-00-01.6xgmefh.mongodb.net:27017,ac-kpitjm1-shard-00-02.6xgmefh.mongodb.net:27017/movieziya?ssl=true&replicaSet=atlas-sn1ctq-shard-0&authSource=admin&retryWrites=true&w=majority...","timestamp":"2023-12-03T12:05:10.826Z"}
{"level":"info","message":"Listening on port 3900...","timestamp":"2023-12-03T12:10:25.319Z"}
{"level":"info","message":"Connected to mongodb+srv://devlabyrinth:CWsFiB6EbkvmEwxF@movieziya.6xgmefh.mongodb.net/test?retryWrites=true&w=majority...","timestamp":"2023-12-03T12:10:26.060Z"}
{"level":"info","message":"Listening on port 3900...","timestamp":"2023-12-03T12:10:39.792Z"}
{"level":"info","message":"Connected to mongodb+srv://devlabyrinth:s@movieziya.6xgmefh.mongodb.net/test?retryWrites=true&w=majority...","timestamp":"2023-12-03T12:10:40.331Z"}
{"level":"info","message":"Listening on port 3900...","timestamp":"2023-12-03T12:11:05.360Z"}
{"level":"info","message":"Connected to mongodb+srv://devlabyrinth:nj3gfKrIkUdyed7H@movieziya.6xgmefh.mongodb.net/test?retryWrites=true&w=majority...","timestamp":"2023-12-03T12:11:05.937Z"}
{"level":"info","message":"Listening on port 3900...","timestamp":"2023-12-03T12:11:25.063Z"}
{"level":"info","message":"Listening on port 3900...","timestamp":"2023-12-03T12:11:35.961Z"}
{"level":"info","message":"Connected to mongodb://devlabyrinth:CWsFiB6EbkvmEwxF@ac-kpitjm1-shard-00-00.6xgmefh.mongodb.net:27017,ac-kpitjm1-shard-00-01.6xgmefh.mongodb.net:27017,ac-kpitjm1-shard-00-02.6xgmefh.mongodb.net:27017/?ssl=true&replicaSet=atlas-sn1ctq-shard-0&authSource=admin&retryWrites=true&w=majority...","timestamp":"2023-12-03T12:11:37.546Z"}
{"level":"info","message":"Listening on port 3900...","timestamp":"2023-12-03T12:12:09.275Z"}
{"level":"info","message":"Listening on port 3900...","timestamp":"2023-12-03T12:12:40.572Z"}
{"level":"info","message":"Listening on port 3900...","timestamp":"2023-12-03T12:13:10.172Z"}
{"level":"info","message":"Connected to mongodb://devlabyrinth:CWsFiB6EbkvmEwxF@ac-kpitjm1-shard-00-00.6xgmefh.mongodb.net:27017,ac-kpitjm1-shard-00-01.6xgmefh.mongodb.net:27017,ac-kpitjm1-shard-00-02.6xgmefh.mongodb.net:27017/?ssl=true&replicaSet=atlas-sn1ctq-shard-0&authSource=admin&retryWrites=true&w=majority...","timestamp":"2023-12-03T12:13:11.395Z"}
{"level":"info","message":"Listening on port 3900...","timestamp":"2023-12-03T12:17:22.071Z"}
{"level":"info","message":"Listening on port 3900...","timestamp":"2023-12-03T12:19:57.830Z"}
{"level":"info","message":"Listening on port 3900...","timestamp":"2023-12-03T12:31:11.387Z"}
{"level":"info","message":"Connected to mongodb+srv://devlabyrinth:CWsFiB6EbkvmEwxF@movieziya.6xgmefh.mongodb.net/?retryWrites=true&w=majority...","timestamp":"2023-12-03T12:31:11.966Z"}
{"level":"info","message":"Listening on port 3900...","timestamp":"2023-12-03T12:57:19.314Z"}
{"level":"info","message":"Connected to mongodb+srv://devlabyrinth:CWsFiB6EbkvmEwxF@movieziya.6xgmefh.mongodb.net/?retryWrites=true&w=majority...","timestamp":"2023-12-03T12:57:20.769Z"}
{"level":"info","message":"Listening on port 3900...","timestamp":"2023-12-03T13:13:23.974Z"}
{"level":"info","message":"Listening on port 3900...","timestamp":"2023-12-03T13:14:00.744Z"}
{"level":"info","message":"Listening on port 3900...","timestamp":"2023-12-03T13:14:41.637Z"}
{"level":"info","message":"Listening on port 3900...","timestamp":"2023-12-03T13:16:55.847Z"}
{"level":"info","message":"Listening on port 3900...","timestamp":"2023-12-03T13:20:57.988Z"}
{"level":"info","message":"Listening on port 3900...","timestamp":"2023-12-03T13:28:29.264Z"}
{"level":"info","message":"Listening on port 3900...","timestamp":"2023-12-03T19:44:34.383Z"}
{"level":"info","message":"Connected to mongodb://localhost/vidly...","timestamp":"2023-12-03T19:44:34.400Z"}
{"level":"info","message":"Listening on port 3900...","timestamp":"2023-12-06T19:41:02.868Z"}
{"level":"info","message":"Connected to mongodb://localhost/vidly...","timestamp":"2023-12-06T19:41:02.890Z"}
{"level":"info","message":"Listening on port 3900...","timestamp":"2023-12-16T19:04:05.640Z"}
{"level":"info","message":"Connected to mongodb+srv://devlabyrinth:lFJdzQPYHQKzrnKq@moveziyamongodb.fsrua02.mongodb.net/moveziyamongodb?retryWrites=true&w=majority...","timestamp":"2023-12-16T19:04:06.895Z"}
{"level":"info","message":"Listening on port 3900...","timestamp":"2023-12-16T19:31:57.352Z"}
{"level":"info","message":"Connected to mongodb+srv://devlabyrinth:lFJdzQPYHQKzrnKq@moveziyamongodb.fsrua02.mongodb.net/moveziyamongodb?retryWrites=true&w=majority...","timestamp":"2023-12-16T19:31:58.914Z"}
